{"obj": {"type": "AssignString", "path": ["sys", "name"], "value": "Untitled"}, "version": 1}
{"obj": {"type": "AssignString", "path": ["sys", "description"], "value": ""}, "version": 2}
{"obj": {"type": "AssignString", "path": ["sys", "hostname"], "value": "WHS2615"}, "version": 3}
{"obj": {"type": "AssignBool", "path": ["sys", "failed"], "value": false}, "version": 4}
{"obj": {"type": "ClearStringLog", "path": ["monitoring", "stdout"]}, "version": 5}
{"obj": {"type": "ClearStringLog", "path": ["monitoring", "stderr"]}, "version": 6}
{"obj": {"type": "AssignString", "path": ["source_code", "entrypoint"], "value": "DatasetAnalysis.py"}, "version": 7}
{"obj": {"type": "UploadFileSet", "path": ["source_code", "files"], "file_globs": ["/Users/eli_sodickson/PycharmProjects/MachineLearning/DatasetAnalysis.py"], "reset": "False"}, "version": 8}
{"obj": {"type": "LogStrings", "path": ["monitoring", "stderr"], "values": [{"value": "Info (NVML): NVML Shared Library Not Found. GPU usage metrics may not be reported. For more information, see https://docs.neptune.ai/you-should-know/what-can-you-log-and-display#hardware-consumption\n", "step": null, "ts": 1665495522.635705}]}, "version": 9}
{"obj": {"type": "ConfigFloatSeries", "path": ["monitoring", "cpu"], "min": 0.0, "max": 100.0, "unit": "%"}, "version": 10}
{"obj": {"type": "ClearFloatLog", "path": ["monitoring", "cpu"]}, "version": 11}
{"obj": {"type": "ConfigFloatSeries", "path": ["monitoring", "memory"], "min": 0.0, "max": 8.0, "unit": "GB"}, "version": 12}
{"obj": {"type": "ClearFloatLog", "path": ["monitoring", "memory"]}, "version": 13}
{"obj": {"type": "LogFloats", "path": ["monitoring", "cpu"], "values": [{"value": 16.7, "step": null, "ts": 1665495522.639657}]}, "version": 14}
{"obj": {"type": "LogFloats", "path": ["monitoring", "memory"], "values": [{"value": 6.7419586181640625, "step": null, "ts": 1665495522.639657}]}, "version": 15}
{"obj": {"type": "LogFloats", "path": ["RMSE"], "values": [{"value": 9.438519269461722, "step": null, "ts": 1665495522.643404}]}, "version": 16}
{"obj": {"type": "LogFloats", "path": ["MAPE (%)"], "values": [{"value": 5.830678133370938, "step": null, "ts": 1665495522.643734}]}, "version": 17}
{"obj": {"type": "LogStrings", "path": ["monitoring", "stdout"], "values": [{"value": "9.438519269461722", "step": null, "ts": 1665495522.6440709}]}, "version": 18}
{"obj": {"type": "LogStrings", "path": ["monitoring", "stdout"], "values": [{"value": " ", "step": null, "ts": 1665495522.644362}]}, "version": 19}
{"obj": {"type": "LogStrings", "path": ["monitoring", "stdout"], "values": [{"value": "5.830678133370938", "step": null, "ts": 1665495522.644682}]}, "version": 20}
{"obj": {"type": "LogStrings", "path": ["monitoring", "stdout"], "values": [{"value": "\n", "step": null, "ts": 1665495522.644992}]}, "version": 21}
{"obj": {"type": "LogFloats", "path": ["RMSE"], "values": [{"value": 10.071254738114819, "step": null, "ts": 1665495522.645329}]}, "version": 22}
{"obj": {"type": "LogFloats", "path": ["MAPE (%)"], "values": [{"value": 6.263025210084041, "step": null, "ts": 1665495522.645605}]}, "version": 23}
{"obj": {"type": "LogStrings", "path": ["monitoring", "stdout"], "values": [{"value": "10.071254738114819", "step": null, "ts": 1665495522.645869}]}, "version": 24}
{"obj": {"type": "LogStrings", "path": ["monitoring", "stdout"], "values": [{"value": " ", "step": null, "ts": 1665495522.6461492}]}, "version": 25}
{"obj": {"type": "LogStrings", "path": ["monitoring", "stdout"], "values": [{"value": "6.263025210084041", "step": null, "ts": 1665495522.6464279}]}, "version": 26}
{"obj": {"type": "LogStrings", "path": ["monitoring", "stdout"], "values": [{"value": "\n", "step": null, "ts": 1665495522.646712}]}, "version": 27}
{"obj": {"type": "LogFloats", "path": ["RMSE"], "values": [{"value": 9.19966010241683, "step": null, "ts": 1665495522.6470459}]}, "version": 28}
{"obj": {"type": "LogFloats", "path": ["MAPE (%)"], "values": [{"value": 5.583133887089963, "step": null, "ts": 1665495522.6473532}]}, "version": 29}
{"obj": {"type": "LogStrings", "path": ["monitoring", "stdout"], "values": [{"value": "9.19966010241683", "step": null, "ts": 1665495522.647682}]}, "version": 30}
{"obj": {"type": "LogStrings", "path": ["monitoring", "stdout"], "values": [{"value": " ", "step": null, "ts": 1665495522.647965}]}, "version": 31}
{"obj": {"type": "LogStrings", "path": ["monitoring", "stdout"], "values": [{"value": "5.583133887089963", "step": null, "ts": 1665495522.648263}]}, "version": 32}
{"obj": {"type": "LogStrings", "path": ["monitoring", "stdout"], "values": [{"value": "\n", "step": null, "ts": 1665495522.648535}]}, "version": 33}
{"obj": {"type": "LogFloats", "path": ["RMSE"], "values": [{"value": 6.167984597905542, "step": null, "ts": 1665495522.6488671}]}, "version": 34}
{"obj": {"type": "LogFloats", "path": ["MAPE (%)"], "values": [{"value": 3.7250794568043912, "step": null, "ts": 1665495522.649173}]}, "version": 35}
{"obj": {"type": "LogStrings", "path": ["monitoring", "stdout"], "values": [{"value": "6.167984597905542", "step": null, "ts": 1665495522.649468}]}, "version": 36}
{"obj": {"type": "LogStrings", "path": ["monitoring", "stdout"], "values": [{"value": " ", "step": null, "ts": 1665495522.649754}]}, "version": 37}
{"obj": {"type": "LogStrings", "path": ["monitoring", "stdout"], "values": [{"value": "3.7250794568043912", "step": null, "ts": 1665495522.650014}]}, "version": 38}
{"obj": {"type": "LogStrings", "path": ["monitoring", "stdout"], "values": [{"value": "\n", "step": null, "ts": 1665495522.65028}]}, "version": 39}
{"obj": {"type": "LogFloats", "path": ["RMSE"], "values": [{"value": 5.233788685073183, "step": null, "ts": 1665495522.6505961}]}, "version": 40}
{"obj": {"type": "LogFloats", "path": ["MAPE (%)"], "values": [{"value": 3.306974029763645, "step": null, "ts": 1665495522.6508641}]}, "version": 41}
{"obj": {"type": "LogStrings", "path": ["monitoring", "stdout"], "values": [{"value": "5.233788685073183", "step": null, "ts": 1665495522.651169}]}, "version": 42}
{"obj": {"type": "LogStrings", "path": ["monitoring", "stdout"], "values": [{"value": " ", "step": null, "ts": 1665495522.651455}]}, "version": 43}
{"obj": {"type": "LogStrings", "path": ["monitoring", "stdout"], "values": [{"value": "3.306974029763645", "step": null, "ts": 1665495522.651697}]}, "version": 44}
{"obj": {"type": "LogStrings", "path": ["monitoring", "stdout"], "values": [{"value": "\n", "step": null, "ts": 1665495522.6519308}]}, "version": 45}
{"obj": {"type": "LogFloats", "path": ["RMSE"], "values": [{"value": 5.509524480388482, "step": null, "ts": 1665495522.6522171}]}, "version": 46}
{"obj": {"type": "LogFloats", "path": ["MAPE (%)"], "values": [{"value": 3.320420747188973, "step": null, "ts": 1665495522.652456}]}, "version": 47}
{"obj": {"type": "LogStrings", "path": ["monitoring", "stdout"], "values": [{"value": "5.509524480388482", "step": null, "ts": 1665495522.652698}]}, "version": 48}
{"obj": {"type": "LogStrings", "path": ["monitoring", "stdout"], "values": [{"value": " ", "step": null, "ts": 1665495522.652951}]}, "version": 49}
{"obj": {"type": "LogStrings", "path": ["monitoring", "stdout"], "values": [{"value": "3.320420747188973", "step": null, "ts": 1665495522.653186}]}, "version": 50}
{"obj": {"type": "LogStrings", "path": ["monitoring", "stdout"], "values": [{"value": "\n", "step": null, "ts": 1665495522.653428}]}, "version": 51}
{"obj": {"type": "LogFloats", "path": ["RMSE"], "values": [{"value": 4.532886938806218, "step": null, "ts": 1665495522.653686}]}, "version": 52}
{"obj": {"type": "LogFloats", "path": ["MAPE (%)"], "values": [{"value": 3.009331950822102, "step": null, "ts": 1665495522.653913}]}, "version": 53}
{"obj": {"type": "LogStrings", "path": ["monitoring", "stdout"], "values": [{"value": "4.532886938806218", "step": null, "ts": 1665495522.654163}]}, "version": 54}
{"obj": {"type": "LogStrings", "path": ["monitoring", "stdout"], "values": [{"value": " ", "step": null, "ts": 1665495522.65441}]}, "version": 55}
{"obj": {"type": "LogStrings", "path": ["monitoring", "stdout"], "values": [{"value": "3.009331950822102", "step": null, "ts": 1665495522.6546319}]}, "version": 56}
{"obj": {"type": "LogStrings", "path": ["monitoring", "stdout"], "values": [{"value": "\n", "step": null, "ts": 1665495522.654863}]}, "version": 57}
{"obj": {"type": "LogFloats", "path": ["RMSE"], "values": [{"value": 4.499281275937302, "step": null, "ts": 1665495522.655127}]}, "version": 58}
{"obj": {"type": "LogFloats", "path": ["MAPE (%)"], "values": [{"value": 2.937421684970886, "step": null, "ts": 1665495522.655353}]}, "version": 59}
{"obj": {"type": "LogStrings", "path": ["monitoring", "stdout"], "values": [{"value": "4.499281275937302", "step": null, "ts": 1665495522.655599}]}, "version": 60}
{"obj": {"type": "LogStrings", "path": ["monitoring", "stdout"], "values": [{"value": " ", "step": null, "ts": 1665495522.655817}]}, "version": 61}
{"obj": {"type": "LogStrings", "path": ["monitoring", "stdout"], "values": [{"value": "2.937421684970886", "step": null, "ts": 1665495522.656032}]}, "version": 62}
{"obj": {"type": "LogStrings", "path": ["monitoring", "stdout"], "values": [{"value": "\n", "step": null, "ts": 1665495522.656301}]}, "version": 63}
{"obj": {"type": "LogFloats", "path": ["RMSE"], "values": [{"value": 4.77735575397102, "step": null, "ts": 1665495522.6565619}]}, "version": 64}
{"obj": {"type": "LogFloats", "path": ["MAPE (%)"], "values": [{"value": 2.9251422734568817, "step": null, "ts": 1665495522.656781}]}, "version": 65}
{"obj": {"type": "LogStrings", "path": ["monitoring", "stdout"], "values": [{"value": "4.77735575397102", "step": null, "ts": 1665495522.657173}]}, "version": 66}
{"obj": {"type": "LogStrings", "path": ["monitoring", "stdout"], "values": [{"value": " ", "step": null, "ts": 1665495522.657377}]}, "version": 67}
{"obj": {"type": "LogStrings", "path": ["monitoring", "stdout"], "values": [{"value": "2.9251422734568817", "step": null, "ts": 1665495522.657611}]}, "version": 68}
{"obj": {"type": "LogStrings", "path": ["monitoring", "stdout"], "values": [{"value": "\n", "step": null, "ts": 1665495522.657891}]}, "version": 69}
{"obj": {"type": "LogFloats", "path": ["RMSE"], "values": [{"value": 4.37961185494788, "step": null, "ts": 1665495522.658124}]}, "version": 70}
{"obj": {"type": "LogFloats", "path": ["MAPE (%)"], "values": [{"value": 2.8013557323902165, "step": null, "ts": 1665495522.6583328}]}, "version": 71}
{"obj": {"type": "LogStrings", "path": ["monitoring", "stdout"], "values": [{"value": "4.37961185494788", "step": null, "ts": 1665495522.658544}]}, "version": 72}
{"obj": {"type": "LogStrings", "path": ["monitoring", "stdout"], "values": [{"value": " ", "step": null, "ts": 1665495522.658747}]}, "version": 73}
{"obj": {"type": "LogStrings", "path": ["monitoring", "stdout"], "values": [{"value": "2.8013557323902165", "step": null, "ts": 1665495522.658954}]}, "version": 74}
{"obj": {"type": "LogStrings", "path": ["monitoring", "stdout"], "values": [{"value": "\n", "step": null, "ts": 1665495522.659172}]}, "version": 75}
{"obj": {"type": "LogFloats", "path": ["RMSE"], "values": [{"value": 4.370432930500137, "step": null, "ts": 1665495522.659402}]}, "version": 76}
{"obj": {"type": "LogFloats", "path": ["MAPE (%)"], "values": [{"value": 2.8178521204944116, "step": null, "ts": 1665495522.659578}]}, "version": 77}
{"obj": {"type": "LogStrings", "path": ["monitoring", "stdout"], "values": [{"value": "4.370432930500137", "step": null, "ts": 1665495522.659761}]}, "version": 78}
{"obj": {"type": "LogStrings", "path": ["monitoring", "stdout"], "values": [{"value": " ", "step": null, "ts": 1665495522.6599522}]}, "version": 79}
{"obj": {"type": "LogStrings", "path": ["monitoring", "stdout"], "values": [{"value": "2.8178521204944116", "step": null, "ts": 1665495522.6601422}]}, "version": 80}
{"obj": {"type": "LogStrings", "path": ["monitoring", "stdout"], "values": [{"value": "\n", "step": null, "ts": 1665495522.660337}]}, "version": 81}
{"obj": {"type": "LogFloats", "path": ["RMSE"], "values": [{"value": 4.414903396451615, "step": null, "ts": 1665495522.6605499}]}, "version": 82}
{"obj": {"type": "LogFloats", "path": ["MAPE (%)"], "values": [{"value": 2.752331301857699, "step": null, "ts": 1665495522.660727}]}, "version": 83}
{"obj": {"type": "LogStrings", "path": ["monitoring", "stdout"], "values": [{"value": "4.414903396451615", "step": null, "ts": 1665495522.660912}]}, "version": 84}
{"obj": {"type": "LogStrings", "path": ["monitoring", "stdout"], "values": [{"value": " ", "step": null, "ts": 1665495522.6610901}]}, "version": 85}
{"obj": {"type": "LogStrings", "path": ["monitoring", "stdout"], "values": [{"value": "2.752331301857699", "step": null, "ts": 1665495522.661264}]}, "version": 86}
{"obj": {"type": "LogStrings", "path": ["monitoring", "stdout"], "values": [{"value": "\n", "step": null, "ts": 1665495522.661443}]}, "version": 87}
{"obj": {"type": "LogFloats", "path": ["RMSE"], "values": [{"value": 5.014708964635938, "step": null, "ts": 1665495522.661651}]}, "version": 88}
{"obj": {"type": "LogFloats", "path": ["MAPE (%)"], "values": [{"value": 2.880110176862861, "step": null, "ts": 1665495522.661827}]}, "version": 89}
{"obj": {"type": "LogStrings", "path": ["monitoring", "stdout"], "values": [{"value": "5.014708964635938", "step": null, "ts": 1665495522.662004}]}, "version": 90}
{"obj": {"type": "LogStrings", "path": ["monitoring", "stdout"], "values": [{"value": " ", "step": null, "ts": 1665495522.662187}]}, "version": 91}
{"obj": {"type": "LogStrings", "path": ["monitoring", "stdout"], "values": [{"value": "2.880110176862861", "step": null, "ts": 1665495522.662368}]}, "version": 92}
{"obj": {"type": "LogStrings", "path": ["monitoring", "stdout"], "values": [{"value": "\n", "step": null, "ts": 1665495522.662549}]}, "version": 93}
{"obj": {"type": "LogFloats", "path": ["RMSE"], "values": [{"value": 6.8782541389512595, "step": null, "ts": 1665495522.662763}]}, "version": 94}
{"obj": {"type": "LogFloats", "path": ["MAPE (%)"], "values": [{"value": 3.9184832777107212, "step": null, "ts": 1665495522.662935}]}, "version": 95}
{"obj": {"type": "LogStrings", "path": ["monitoring", "stdout"], "values": [{"value": "6.8782541389512595", "step": null, "ts": 1665495522.663116}]}, "version": 96}
{"obj": {"type": "LogStrings", "path": ["monitoring", "stdout"], "values": [{"value": " ", "step": null, "ts": 1665495522.663284}]}, "version": 97}
{"obj": {"type": "LogStrings", "path": ["monitoring", "stdout"], "values": [{"value": "3.9184832777107212", "step": null, "ts": 1665495522.663441}]}, "version": 98}
{"obj": {"type": "LogStrings", "path": ["monitoring", "stdout"], "values": [{"value": "\n", "step": null, "ts": 1665495522.663591}]}, "version": 99}
{"obj": {"type": "LogFloats", "path": ["RMSE"], "values": [{"value": 8.457773229402644, "step": null, "ts": 1665495522.663775}]}, "version": 100}
{"obj": {"type": "LogFloats", "path": ["MAPE (%)"], "values": [{"value": 5.055329878134192, "step": null, "ts": 1665495522.663977}]}, "version": 101}
{"obj": {"type": "LogStrings", "path": ["monitoring", "stdout"], "values": [{"value": "8.457773229402644", "step": null, "ts": 1665495522.664186}]}, "version": 102}
{"obj": {"type": "LogStrings", "path": ["monitoring", "stdout"], "values": [{"value": " ", "step": null, "ts": 1665495522.66436}]}, "version": 103}
{"obj": {"type": "LogStrings", "path": ["monitoring", "stdout"], "values": [{"value": "5.055329878134192", "step": null, "ts": 1665495522.6645288}]}, "version": 104}
{"obj": {"type": "LogStrings", "path": ["monitoring", "stdout"], "values": [{"value": "\n", "step": null, "ts": 1665495522.664703}]}, "version": 105}
{"obj": {"type": "LogFloats", "path": ["RMSE"], "values": [{"value": 8.526267999541178, "step": null, "ts": 1665495522.6649039}]}, "version": 106}
{"obj": {"type": "LogFloats", "path": ["MAPE (%)"], "values": [{"value": 5.069288913773793, "step": null, "ts": 1665495522.6650681}]}, "version": 107}
{"obj": {"type": "LogStrings", "path": ["monitoring", "stdout"], "values": [{"value": "8.526267999541178", "step": null, "ts": 1665495522.6652238}]}, "version": 108}
{"obj": {"type": "LogStrings", "path": ["monitoring", "stdout"], "values": [{"value": " ", "step": null, "ts": 1665495522.665421}]}, "version": 109}
{"obj": {"type": "LogStrings", "path": ["monitoring", "stdout"], "values": [{"value": "5.069288913773793", "step": null, "ts": 1665495522.665598}]}, "version": 110}
{"obj": {"type": "LogStrings", "path": ["monitoring", "stdout"], "values": [{"value": "\n", "step": null, "ts": 1665495522.665766}]}, "version": 111}
{"obj": {"type": "LogFloats", "path": ["RMSE"], "values": [{"value": 7.126640442733172, "step": null, "ts": 1665495522.665959}]}, "version": 112}
{"obj": {"type": "LogFloats", "path": ["MAPE (%)"], "values": [{"value": 4.037965717523731, "step": null, "ts": 1665495522.666132}]}, "version": 113}
{"obj": {"type": "LogStrings", "path": ["monitoring", "stdout"], "values": [{"value": "7.126640442733172", "step": null, "ts": 1665495522.6662998}]}, "version": 114}
{"obj": {"type": "LogStrings", "path": ["monitoring", "stdout"], "values": [{"value": " ", "step": null, "ts": 1665495522.666455}]}, "version": 115}
{"obj": {"type": "LogStrings", "path": ["monitoring", "stdout"], "values": [{"value": "4.037965717523731", "step": null, "ts": 1665495522.66665}]}, "version": 116}
{"obj": {"type": "LogStrings", "path": ["monitoring", "stdout"], "values": [{"value": "\n", "step": null, "ts": 1665495522.66682}]}, "version": 117}
{"obj": {"type": "LogFloats", "path": ["RMSE"], "values": [{"value": 6.35645246973499, "step": null, "ts": 1665495522.667017}]}, "version": 118}
{"obj": {"type": "LogFloats", "path": ["MAPE (%)"], "values": [{"value": 3.5884409561184465, "step": null, "ts": 1665495522.667226}]}, "version": 119}
{"obj": {"type": "LogStrings", "path": ["monitoring", "stdout"], "values": [{"value": "6.35645246973499", "step": null, "ts": 1665495522.667399}]}, "version": 120}
{"obj": {"type": "LogStrings", "path": ["monitoring", "stdout"], "values": [{"value": " ", "step": null, "ts": 1665495522.6675682}]}, "version": 121}
{"obj": {"type": "LogStrings", "path": ["monitoring", "stdout"], "values": [{"value": "3.5884409561184465", "step": null, "ts": 1665495522.667702}]}, "version": 122}
{"obj": {"type": "LogStrings", "path": ["monitoring", "stdout"], "values": [{"value": "\n", "step": null, "ts": 1665495522.667828}]}, "version": 123}
{"obj": {"type": "LogFloats", "path": ["RMSE"], "values": [{"value": 5.857404203228598, "step": null, "ts": 1665495522.668007}]}, "version": 124}
{"obj": {"type": "LogFloats", "path": ["MAPE (%)"], "values": [{"value": 3.3189414042888927, "step": null, "ts": 1665495522.668139}]}, "version": 125}
{"obj": {"type": "LogStrings", "path": ["monitoring", "stdout"], "values": [{"value": "5.857404203228598", "step": null, "ts": 1665495522.668256}]}, "version": 126}
{"obj": {"type": "LogStrings", "path": ["monitoring", "stdout"], "values": [{"value": " ", "step": null, "ts": 1665495522.668378}]}, "version": 127}
{"obj": {"type": "LogStrings", "path": ["monitoring", "stdout"], "values": [{"value": "3.3189414042888927", "step": null, "ts": 1665495522.6685052}]}, "version": 128}
{"obj": {"type": "LogStrings", "path": ["monitoring", "stdout"], "values": [{"value": "\n", "step": null, "ts": 1665495522.6686249}]}, "version": 129}
{"obj": {"type": "LogFloats", "path": ["RMSE"], "values": [{"value": 5.484001823486205, "step": null, "ts": 1665495522.668772}]}, "version": 130}
{"obj": {"type": "LogFloats", "path": ["MAPE (%)"], "values": [{"value": 3.118121578795737, "step": null, "ts": 1665495522.6688929}]}, "version": 131}
{"obj": {"type": "LogStrings", "path": ["monitoring", "stdout"], "values": [{"value": "5.484001823486205", "step": null, "ts": 1665495522.669014}]}, "version": 132}
{"obj": {"type": "LogStrings", "path": ["monitoring", "stdout"], "values": [{"value": " ", "step": null, "ts": 1665495522.6691499}]}, "version": 133}
{"obj": {"type": "LogStrings", "path": ["monitoring", "stdout"], "values": [{"value": "3.118121578795737", "step": null, "ts": 1665495522.669292}]}, "version": 134}
{"obj": {"type": "LogStrings", "path": ["monitoring", "stdout"], "values": [{"value": "\n", "step": null, "ts": 1665495522.6694121}]}, "version": 135}
{"obj": {"type": "LogStrings", "path": ["monitoring", "stdout"], "values": [{"value": "Shutting down background jobs, please wait a moment...\n", "step": null, "ts": 1665495522.6696372}]}, "version": 136}
