{"obj": {"type": "AssignString", "path": ["sys", "name"], "value": "Untitled"}, "version": 1}
{"obj": {"type": "AssignString", "path": ["sys", "description"], "value": ""}, "version": 2}
{"obj": {"type": "AssignString", "path": ["sys", "hostname"], "value": "WHS2615"}, "version": 3}
{"obj": {"type": "AssignBool", "path": ["sys", "failed"], "value": false}, "version": 4}
{"obj": {"type": "ClearStringLog", "path": ["monitoring", "stdout"]}, "version": 5}
{"obj": {"type": "ClearStringLog", "path": ["monitoring", "stderr"]}, "version": 6}
{"obj": {"type": "AssignString", "path": ["source_code", "entrypoint"], "value": "DatasetAnalysis.py"}, "version": 7}
{"obj": {"type": "UploadFileSet", "path": ["source_code", "files"], "file_globs": ["/Users/eli_sodickson/PycharmProjects/MachineLearning/DatasetAnalysis.py"], "reset": "False"}, "version": 8}
{"obj": {"type": "LogStrings", "path": ["monitoring", "stderr"], "values": [{"value": "Info (NVML): NVML Shared Library Not Found. GPU usage metrics may not be reported. For more information, see https://docs.neptune.ai/you-should-know/what-can-you-log-and-display#hardware-consumption\n", "step": null, "ts": 1665496565.457535}]}, "version": 9}
{"obj": {"type": "ConfigFloatSeries", "path": ["monitoring", "cpu"], "min": 0.0, "max": 100.0, "unit": "%"}, "version": 10}
{"obj": {"type": "ClearFloatLog", "path": ["monitoring", "cpu"]}, "version": 11}
{"obj": {"type": "ConfigFloatSeries", "path": ["monitoring", "memory"], "min": 0.0, "max": 8.0, "unit": "GB"}, "version": 12}
{"obj": {"type": "ClearFloatLog", "path": ["monitoring", "memory"]}, "version": 13}
{"obj": {"type": "LogFloats", "path": ["monitoring", "cpu"], "values": [{"value": 16.3, "step": null, "ts": 1665496565.462146}]}, "version": 14}
{"obj": {"type": "LogFloats", "path": ["monitoring", "memory"], "values": [{"value": 6.70587158203125, "step": null, "ts": 1665496565.462146}]}, "version": 15}
{"obj": {"type": "LogStrings", "path": ["monitoring", "traceback"], "values": [{"value": "An uncaught exception occurred while run was active on worker WHS2615.", "step": null, "ts": 1665496566.388653}, {"value": "Marking run as failed", "step": null, "ts": 1665496566.388653}, {"value": "Traceback:", "step": null, "ts": 1665496566.388653}, {"value": "  File \"/Users/eli_sodickson/PycharmProjects/MachineLearning/DatasetAnalysis.py\", line 125, in <module>\n    plot_stock_trend('close', 'First Try', stockprices, logNeptune=False)\n", "step": null, "ts": 1665496566.388653}, {"value": "  File \"/Users/eli_sodickson/PycharmProjects/MachineLearning/DatasetAnalysis.py\", line 90, in plot_stock_trend\n    ax = plt.plot(stockprices[0], figsize=(20, 10))\n", "step": null, "ts": 1665496566.388653}, {"value": "  File \"/Users/eli_sodickson/PycharmProjects/MachineLearning/venv/lib/python3.8/site-packages/matplotlib/pyplot.py\", line 2767, in plot\n    return gca().plot(\n", "step": null, "ts": 1665496566.388653}, {"value": "  File \"/Users/eli_sodickson/PycharmProjects/MachineLearning/venv/lib/python3.8/site-packages/matplotlib/axes/_axes.py\", line 1635, in plot\n    lines = [*self._get_lines(*args, data=data, **kwargs)]\n", "step": null, "ts": 1665496566.388653}, {"value": "  File \"/Users/eli_sodickson/PycharmProjects/MachineLearning/venv/lib/python3.8/site-packages/matplotlib/axes/_base.py\", line 312, in __call__\n    yield from self._plot_args(this, kwargs)\n", "step": null, "ts": 1665496566.388653}, {"value": "  File \"/Users/eli_sodickson/PycharmProjects/MachineLearning/venv/lib/python3.8/site-packages/matplotlib/axes/_base.py\", line 538, in _plot_args\n    return [l[0] for l in result]\n", "step": null, "ts": 1665496566.388653}, {"value": "  File \"/Users/eli_sodickson/PycharmProjects/MachineLearning/venv/lib/python3.8/site-packages/matplotlib/axes/_base.py\", line 538, in <listcomp>\n    return [l[0] for l in result]\n", "step": null, "ts": 1665496566.388653}]}, "version": 16}
{"obj": {"type": "LogStrings", "path": ["monitoring", "traceback"], "values": [{"value": "  File \"/Users/eli_sodickson/PycharmProjects/MachineLearning/venv/lib/python3.8/site-packages/matplotlib/axes/_base.py\", line 531, in <genexpr>\n    result = (make_artist(x[:, j % ncx], y[:, j % ncy], kw,\n", "step": null, "ts": 1665496566.388653}, {"value": "  File \"/Users/eli_sodickson/PycharmProjects/MachineLearning/venv/lib/python3.8/site-packages/matplotlib/axes/_base.py\", line 351, in _makeline\n    seg = mlines.Line2D(x, y, **kw)\n", "step": null, "ts": 1665496566.388653}, {"value": "  File \"/Users/eli_sodickson/PycharmProjects/MachineLearning/venv/lib/python3.8/site-packages/matplotlib/lines.py\", line 393, in __init__\n    self.update(kwargs)\n", "step": null, "ts": 1665496566.388653}, {"value": "  File \"/Users/eli_sodickson/PycharmProjects/MachineLearning/venv/lib/python3.8/site-packages/matplotlib/artist.py\", line 1067, in update\n    raise AttributeError(f\"{type(self).__name__!r} object \"\n", "step": null, "ts": 1665496566.388653}, {"value": "'Line2D' object has no property 'figsize'", "step": null, "ts": 1665496566.388653}]}, "version": 17}
{"obj": {"type": "AssignBool", "path": ["sys", "failed"], "value": true}, "version": 18}
{"obj": {"type": "LogStrings", "path": ["monitoring", "stderr"], "values": [{"value": "Traceback (most recent call last):\n", "step": null, "ts": 1665496566.3897972}]}, "version": 19}
{"obj": {"type": "LogStrings", "path": ["monitoring", "stderr"], "values": [{"value": "  File \"/Users/eli_sodickson/PycharmProjects/MachineLearning/DatasetAnalysis.py\", line 125, in <module>\n", "step": null, "ts": 1665496566.39008}]}, "version": 20}
{"obj": {"type": "LogStrings", "path": ["monitoring", "stderr"], "values": [{"value": "    ", "step": null, "ts": 1665496566.3908749}]}, "version": 21}
{"obj": {"type": "LogStrings", "path": ["monitoring", "stderr"], "values": [{"value": "plot_stock_trend('close', 'First Try', stockprices, logNeptune=False)", "step": null, "ts": 1665496566.391191}]}, "version": 22}
{"obj": {"type": "LogStrings", "path": ["monitoring", "stderr"], "values": [{"value": "\n", "step": null, "ts": 1665496566.3914418}]}, "version": 23}
{"obj": {"type": "LogStrings", "path": ["monitoring", "stderr"], "values": [{"value": "  File \"/Users/eli_sodickson/PycharmProjects/MachineLearning/DatasetAnalysis.py\", line 90, in plot_stock_trend\n", "step": null, "ts": 1665496566.391697}]}, "version": 24}
{"obj": {"type": "LogStrings", "path": ["monitoring", "stderr"], "values": [{"value": "    ", "step": null, "ts": 1665496566.3923578}]}, "version": 25}
{"obj": {"type": "LogStrings", "path": ["monitoring", "stderr"], "values": [{"value": "ax = plt.plot(stockprices[0], figsize=(20, 10))", "step": null, "ts": 1665496566.392669}]}, "version": 26}
{"obj": {"type": "LogStrings", "path": ["monitoring", "stderr"], "values": [{"value": "\n", "step": null, "ts": 1665496566.3929229}]}, "version": 27}
{"obj": {"type": "LogStrings", "path": ["monitoring", "stderr"], "values": [{"value": "  File \"/Users/eli_sodickson/PycharmProjects/MachineLearning/venv/lib/python3.8/site-packages/matplotlib/pyplot.py\", line 2767, in plot\n", "step": null, "ts": 1665496566.393195}]}, "version": 28}
{"obj": {"type": "LogStrings", "path": ["monitoring", "stderr"], "values": [{"value": "    ", "step": null, "ts": 1665496566.394664}]}, "version": 29}
{"obj": {"type": "LogStrings", "path": ["monitoring", "stderr"], "values": [{"value": "return gca().plot(", "step": null, "ts": 1665496566.395019}]}, "version": 30}
{"obj": {"type": "LogStrings", "path": ["monitoring", "stderr"], "values": [{"value": "\n", "step": null, "ts": 1665496566.395224}]}, "version": 31}
{"obj": {"type": "LogStrings", "path": ["monitoring", "stderr"], "values": [{"value": "  File \"/Users/eli_sodickson/PycharmProjects/MachineLearning/venv/lib/python3.8/site-packages/matplotlib/axes/_axes.py\", line 1635, in plot\n", "step": null, "ts": 1665496566.3954182}]}, "version": 32}
{"obj": {"type": "LogStrings", "path": ["monitoring", "stderr"], "values": [{"value": "    ", "step": null, "ts": 1665496566.396399}]}, "version": 33}
{"obj": {"type": "LogStrings", "path": ["monitoring", "stderr"], "values": [{"value": "lines = [*self._get_lines(*args, data=data, **kwargs)]", "step": null, "ts": 1665496566.396687}]}, "version": 34}
{"obj": {"type": "LogStrings", "path": ["monitoring", "stderr"], "values": [{"value": "\n", "step": null, "ts": 1665496566.3969011}]}, "version": 35}
{"obj": {"type": "LogStrings", "path": ["monitoring", "stderr"], "values": [{"value": "  File \"/Users/eli_sodickson/PycharmProjects/MachineLearning/venv/lib/python3.8/site-packages/matplotlib/axes/_base.py\", line 312, in __call__\n", "step": null, "ts": 1665496566.397121}]}, "version": 36}
{"obj": {"type": "LogStrings", "path": ["monitoring", "stderr"], "values": [{"value": "    ", "step": null, "ts": 1665496566.397839}]}, "version": 37}
{"obj": {"type": "LogStrings", "path": ["monitoring", "stderr"], "values": [{"value": "yield from self._plot_args(this, kwargs)", "step": null, "ts": 1665496566.39809}]}, "version": 38}
{"obj": {"type": "LogStrings", "path": ["monitoring", "stderr"], "values": [{"value": "\n", "step": null, "ts": 1665496566.3983638}]}, "version": 39}
{"obj": {"type": "LogStrings", "path": ["monitoring", "stderr"], "values": [{"value": "  File \"/Users/eli_sodickson/PycharmProjects/MachineLearning/venv/lib/python3.8/site-packages/matplotlib/axes/_base.py\", line 538, in _plot_args\n", "step": null, "ts": 1665496566.39856}]}, "version": 40}
{"obj": {"type": "LogStrings", "path": ["monitoring", "stderr"], "values": [{"value": "    ", "step": null, "ts": 1665496566.399202}]}, "version": 41}
{"obj": {"type": "LogStrings", "path": ["monitoring", "stderr"], "values": [{"value": "return [l[0] for l in result]", "step": null, "ts": 1665496566.399452}]}, "version": 42}
{"obj": {"type": "LogStrings", "path": ["monitoring", "stderr"], "values": [{"value": "\n", "step": null, "ts": 1665496566.399649}]}, "version": 43}
{"obj": {"type": "LogStrings", "path": ["monitoring", "stderr"], "values": [{"value": "  File \"/Users/eli_sodickson/PycharmProjects/MachineLearning/venv/lib/python3.8/site-packages/matplotlib/axes/_base.py\", line 538, in <listcomp>\n", "step": null, "ts": 1665496566.39985}]}, "version": 44}
{"obj": {"type": "LogStrings", "path": ["monitoring", "stderr"], "values": [{"value": "    ", "step": null, "ts": 1665496566.400495}]}, "version": 45}
{"obj": {"type": "LogStrings", "path": ["monitoring", "stderr"], "values": [{"value": "return [l[0] for l in result]", "step": null, "ts": 1665496566.400744}]}, "version": 46}
{"obj": {"type": "LogStrings", "path": ["monitoring", "stderr"], "values": [{"value": "\n", "step": null, "ts": 1665496566.40094}]}, "version": 47}
{"obj": {"type": "LogStrings", "path": ["monitoring", "stderr"], "values": [{"value": "  File \"/Users/eli_sodickson/PycharmProjects/MachineLearning/venv/lib/python3.8/site-packages/matplotlib/axes/_base.py\", line 531, in <genexpr>\n", "step": null, "ts": 1665496566.4011378}]}, "version": 48}
{"obj": {"type": "LogStrings", "path": ["monitoring", "stderr"], "values": [{"value": "    ", "step": null, "ts": 1665496566.401806}]}, "version": 49}
{"obj": {"type": "LogStrings", "path": ["monitoring", "stderr"], "values": [{"value": "result = (make_artist(x[:, j % ncx], y[:, j % ncy], kw,", "step": null, "ts": 1665496566.402037}]}, "version": 50}
{"obj": {"type": "LogStrings", "path": ["monitoring", "stderr"], "values": [{"value": "\n", "step": null, "ts": 1665496566.402267}]}, "version": 51}
{"obj": {"type": "LogStrings", "path": ["monitoring", "stderr"], "values": [{"value": "  File \"/Users/eli_sodickson/PycharmProjects/MachineLearning/venv/lib/python3.8/site-packages/matplotlib/axes/_base.py\", line 351, in _makeline\n", "step": null, "ts": 1665496566.402477}]}, "version": 52}
{"obj": {"type": "LogStrings", "path": ["monitoring", "stderr"], "values": [{"value": "    ", "step": null, "ts": 1665496566.403351}]}, "version": 53}
{"obj": {"type": "LogStrings", "path": ["monitoring", "stderr"], "values": [{"value": "seg = mlines.Line2D(x, y, **kw)", "step": null, "ts": 1665496566.403541}]}, "version": 54}
{"obj": {"type": "LogStrings", "path": ["monitoring", "stderr"], "values": [{"value": "\n", "step": null, "ts": 1665496566.403661}]}, "version": 55}
{"obj": {"type": "LogStrings", "path": ["monitoring", "stderr"], "values": [{"value": "  File \"/Users/eli_sodickson/PycharmProjects/MachineLearning/venv/lib/python3.8/site-packages/matplotlib/lines.py\", line 393, in __init__\n", "step": null, "ts": 1665496566.4037728}]}, "version": 56}
{"obj": {"type": "LogStrings", "path": ["monitoring", "stderr"], "values": [{"value": "    ", "step": null, "ts": 1665496566.404191}]}, "version": 57}
{"obj": {"type": "LogStrings", "path": ["monitoring", "stderr"], "values": [{"value": "self.update(kwargs)", "step": null, "ts": 1665496566.4043698}]}, "version": 58}
{"obj": {"type": "LogStrings", "path": ["monitoring", "stderr"], "values": [{"value": "\n", "step": null, "ts": 1665496566.404487}]}, "version": 59}
{"obj": {"type": "LogStrings", "path": ["monitoring", "stderr"], "values": [{"value": "  File \"/Users/eli_sodickson/PycharmProjects/MachineLearning/venv/lib/python3.8/site-packages/matplotlib/artist.py\", line 1067, in update\n", "step": null, "ts": 1665496566.404608}]}, "version": 60}
{"obj": {"type": "LogStrings", "path": ["monitoring", "stderr"], "values": [{"value": "    ", "step": null, "ts": 1665496566.405029}]}, "version": 61}
{"obj": {"type": "LogStrings", "path": ["monitoring", "stderr"], "values": [{"value": "raise AttributeError(f\"{type(self).__name__!r} object \"", "step": null, "ts": 1665496566.405182}]}, "version": 62}
{"obj": {"type": "LogStrings", "path": ["monitoring", "stderr"], "values": [{"value": "\n", "step": null, "ts": 1665496566.405289}]}, "version": 63}
{"obj": {"type": "LogStrings", "path": ["monitoring", "stderr"], "values": [{"value": "AttributeError", "step": null, "ts": 1665496566.405399}]}, "version": 64}
{"obj": {"type": "LogStrings", "path": ["monitoring", "stderr"], "values": [{"value": ": ", "step": null, "ts": 1665496566.405517}]}, "version": 65}
{"obj": {"type": "LogStrings", "path": ["monitoring", "stderr"], "values": [{"value": "'Line2D' object has no property 'figsize'", "step": null, "ts": 1665496566.4056242}]}, "version": 66}
{"obj": {"type": "LogStrings", "path": ["monitoring", "stderr"], "values": [{"value": "\n", "step": null, "ts": 1665496566.40573}]}, "version": 67}
{"obj": {"type": "LogStrings", "path": ["monitoring", "stdout"], "values": [{"value": "Shutting down background jobs, please wait a moment...\n", "step": null, "ts": 1665496566.4059}]}, "version": 68}
