{"obj": {"type": "AssignString", "path": ["sys", "name"], "value": "Untitled"}, "version": 1}
{"obj": {"type": "AssignString", "path": ["sys", "description"], "value": ""}, "version": 2}
{"obj": {"type": "AssignString", "path": ["sys", "hostname"], "value": "WHS2615"}, "version": 3}
{"obj": {"type": "AssignBool", "path": ["sys", "failed"], "value": false}, "version": 4}
{"obj": {"type": "ClearStringLog", "path": ["monitoring", "stdout"]}, "version": 5}
{"obj": {"type": "ClearStringLog", "path": ["monitoring", "stderr"]}, "version": 6}
{"obj": {"type": "AssignString", "path": ["source_code", "entrypoint"], "value": "DatasetAnalysis.py"}, "version": 7}
{"obj": {"type": "UploadFileSet", "path": ["source_code", "files"], "file_globs": ["/Users/eli_sodickson/PycharmProjects/MachineLearning/DatasetAnalysis.py"], "reset": "False"}, "version": 8}
{"obj": {"type": "LogStrings", "path": ["monitoring", "stderr"], "values": [{"value": "Info (NVML): NVML Shared Library Not Found. GPU usage metrics may not be reported. For more information, see https://docs.neptune.ai/you-should-know/what-can-you-log-and-display#hardware-consumption\n", "step": null, "ts": 1665754132.418792}]}, "version": 9}
{"obj": {"type": "ConfigFloatSeries", "path": ["monitoring", "cpu"], "min": 0.0, "max": 100.0, "unit": "%"}, "version": 10}
{"obj": {"type": "ClearFloatLog", "path": ["monitoring", "cpu"]}, "version": 11}
{"obj": {"type": "ConfigFloatSeries", "path": ["monitoring", "memory"], "min": 0.0, "max": 8.0, "unit": "GB"}, "version": 12}
{"obj": {"type": "ClearFloatLog", "path": ["monitoring", "memory"]}, "version": 13}
{"obj": {"type": "LogFloats", "path": ["monitoring", "cpu"], "values": [{"value": 12.5, "step": null, "ts": 1665754132.422536}]}, "version": 14}
{"obj": {"type": "LogFloats", "path": ["monitoring", "memory"], "values": [{"value": 6.66387939453125, "step": null, "ts": 1665754132.422536}]}, "version": 15}
{"obj": {"type": "LogStrings", "path": ["monitoring", "traceback"], "values": [{"value": "An uncaught exception occurred while run was active on worker WHS2615.", "step": null, "ts": 1665754132.429613}, {"value": "Marking run as failed", "step": null, "ts": 1665754132.429613}, {"value": "Traceback:", "step": null, "ts": 1665754132.429613}, {"value": "  File \"/Users/eli_sodickson/PycharmProjects/MachineLearning/DatasetAnalysis.py\", line 149, in <module>\n    exponential_moving_average(50, stockprices=data)\n", "step": null, "ts": 1665754132.429613}, {"value": "  File \"/Users/eli_sodickson/PycharmProjects/MachineLearning/DatasetAnalysis.py\", line 111, in exponential_moving_average\n    window_var = window_size + 'day_EMA'\n", "step": null, "ts": 1665754132.429613}, {"value": "unsupported operand type(s) for +: 'int' and 'str'", "step": null, "ts": 1665754132.429613}]}, "version": 16}
{"obj": {"type": "AssignBool", "path": ["sys", "failed"], "value": true}, "version": 17}
{"obj": {"type": "LogStrings", "path": ["monitoring", "stderr"], "values": [{"value": "Traceback (most recent call last):\n", "step": null, "ts": 1665754132.430298}]}, "version": 18}
{"obj": {"type": "LogStrings", "path": ["monitoring", "stderr"], "values": [{"value": "  File \"/Users/eli_sodickson/PycharmProjects/MachineLearning/DatasetAnalysis.py\", line 149, in <module>\n", "step": null, "ts": 1665754132.43054}]}, "version": 19}
{"obj": {"type": "LogStrings", "path": ["monitoring", "stderr"], "values": [{"value": "    ", "step": null, "ts": 1665754132.431225}]}, "version": 20}
{"obj": {"type": "LogStrings", "path": ["monitoring", "stderr"], "values": [{"value": "exponential_moving_average(50, stockprices=data)", "step": null, "ts": 1665754132.4315069}]}, "version": 21}
{"obj": {"type": "LogStrings", "path": ["monitoring", "stderr"], "values": [{"value": "\n", "step": null, "ts": 1665754132.431735}]}, "version": 22}
{"obj": {"type": "LogStrings", "path": ["monitoring", "stderr"], "values": [{"value": "  File \"/Users/eli_sodickson/PycharmProjects/MachineLearning/DatasetAnalysis.py\", line 111, in exponential_moving_average\n", "step": null, "ts": 1665754132.431966}]}, "version": 23}
{"obj": {"type": "LogStrings", "path": ["monitoring", "stderr"], "values": [{"value": "    ", "step": null, "ts": 1665754132.43258}]}, "version": 24}
{"obj": {"type": "LogStrings", "path": ["monitoring", "stderr"], "values": [{"value": "window_var = window_size + 'day_EMA'", "step": null, "ts": 1665754132.432852}]}, "version": 25}
{"obj": {"type": "LogStrings", "path": ["monitoring", "stderr"], "values": [{"value": "\n", "step": null, "ts": 1665754132.433066}]}, "version": 26}
{"obj": {"type": "LogStrings", "path": ["monitoring", "stderr"], "values": [{"value": "TypeError", "step": null, "ts": 1665754132.433297}]}, "version": 27}
{"obj": {"type": "LogStrings", "path": ["monitoring", "stderr"], "values": [{"value": ": ", "step": null, "ts": 1665754132.433512}]}, "version": 28}
{"obj": {"type": "LogStrings", "path": ["monitoring", "stderr"], "values": [{"value": "unsupported operand type(s) for +: 'int' and 'str'", "step": null, "ts": 1665754132.433743}]}, "version": 29}
{"obj": {"type": "LogStrings", "path": ["monitoring", "stderr"], "values": [{"value": "\n", "step": null, "ts": 1665754132.433983}]}, "version": 30}
{"obj": {"type": "LogStrings", "path": ["monitoring", "stdout"], "values": [{"value": "Shutting down background jobs, please wait a moment...\n", "step": null, "ts": 1665754132.434317}]}, "version": 31}
