{"obj": {"type": "AssignString", "path": ["sys", "name"], "value": "Untitled"}, "version": 1}
{"obj": {"type": "AssignString", "path": ["sys", "description"], "value": ""}, "version": 2}
{"obj": {"type": "AssignString", "path": ["sys", "hostname"], "value": "WHS2615"}, "version": 3}
{"obj": {"type": "AssignBool", "path": ["sys", "failed"], "value": false}, "version": 4}
{"obj": {"type": "ClearStringLog", "path": ["monitoring", "stdout"]}, "version": 5}
{"obj": {"type": "ClearStringLog", "path": ["monitoring", "stderr"]}, "version": 6}
{"obj": {"type": "AssignString", "path": ["source_code", "entrypoint"], "value": "neptune_test.py"}, "version": 7}
{"obj": {"type": "UploadFileSet", "path": ["source_code", "files"], "file_globs": ["/Users/eli_sodickson/PycharmProjects/MachineLearning/neptune_test.py"], "reset": "False"}, "version": 8}
{"obj": {"type": "LogStrings", "path": ["monitoring", "stderr"], "values": [{"value": "Info (NVML): NVML Shared Library Not Found. GPU usage metrics may not be reported. For more information, see https://docs.neptune.ai/you-should-know/what-can-you-log-and-display#hardware-consumption\n", "step": null, "ts": 1665146756.536748}]}, "version": 9}
{"obj": {"type": "ConfigFloatSeries", "path": ["monitoring", "cpu"], "min": 0.0, "max": 100.0, "unit": "%"}, "version": 10}
{"obj": {"type": "ClearFloatLog", "path": ["monitoring", "cpu"]}, "version": 11}
{"obj": {"type": "ConfigFloatSeries", "path": ["monitoring", "memory"], "min": 0.0, "max": 8.0, "unit": "GB"}, "version": 12}
{"obj": {"type": "ClearFloatLog", "path": ["monitoring", "memory"]}, "version": 13}
{"obj": {"type": "LogFloats", "path": ["monitoring", "cpu"], "values": [{"value": 16.9, "step": null, "ts": 1665146756.540328}]}, "version": 14}
{"obj": {"type": "LogFloats", "path": ["monitoring", "memory"], "values": [{"value": 6.7515716552734375, "step": null, "ts": 1665146756.540328}]}, "version": 15}
{"obj": {"type": "AssignString", "path": ["JIRA"], "value": "NPT-952"}, "version": 16}
{"obj": {"type": "AssignString", "path": ["algorithm"], "value": "ConvNet"}, "version": 17}
{"obj": {"type": "AssignInt", "path": ["parameters", "batch_size"], "value": 64}, "version": 18}
{"obj": {"type": "AssignFloat", "path": ["parameters", "dropout"], "value": 0.2}, "version": 19}
{"obj": {"type": "AssignFloat", "path": ["parameters", "learning_rate"], "value": 0.001}, "version": 20}
{"obj": {"type": "AssignString", "path": ["parameters", "optimizer"], "value": "Adam"}, "version": 21}
{"obj": {"type": "LogFloats", "path": ["train", "accuracy"], "values": [{"value": 0.0, "step": null, "ts": 1665146756.546695}]}, "version": 22}
{"obj": {"type": "LogFloats", "path": ["train", "loss"], "values": [{"value": 0.0, "step": null, "ts": 1665146756.547094}]}, "version": 23}
{"obj": {"type": "LogFloats", "path": ["train", "accuracy"], "values": [{"value": 0.6, "step": null, "ts": 1665146756.5473669}]}, "version": 24}
{"obj": {"type": "LogFloats", "path": ["train", "loss"], "values": [{"value": 0.4, "step": null, "ts": 1665146756.547646}]}, "version": 25}
{"obj": {"type": "LogFloats", "path": ["train", "accuracy"], "values": [{"value": 1.2, "step": null, "ts": 1665146756.5479171}]}, "version": 26}
{"obj": {"type": "LogFloats", "path": ["train", "loss"], "values": [{"value": 0.8, "step": null, "ts": 1665146756.548172}]}, "version": 27}
{"obj": {"type": "LogFloats", "path": ["train", "accuracy"], "values": [{"value": 1.7999999999999998, "step": null, "ts": 1665146756.548455}]}, "version": 28}
{"obj": {"type": "LogFloats", "path": ["train", "loss"], "values": [{"value": 1.2000000000000002, "step": null, "ts": 1665146756.548738}]}, "version": 29}
{"obj": {"type": "LogFloats", "path": ["train", "accuracy"], "values": [{"value": 2.4, "step": null, "ts": 1665146756.5490031}]}, "version": 30}
{"obj": {"type": "LogFloats", "path": ["train", "loss"], "values": [{"value": 1.6, "step": null, "ts": 1665146756.54928}]}, "version": 31}
{"obj": {"type": "LogFloats", "path": ["train", "accuracy"], "values": [{"value": 3.0, "step": null, "ts": 1665146756.549553}]}, "version": 32}
{"obj": {"type": "LogFloats", "path": ["train", "loss"], "values": [{"value": 2.0, "step": null, "ts": 1665146756.549819}]}, "version": 33}
{"obj": {"type": "LogFloats", "path": ["train", "accuracy"], "values": [{"value": 3.5999999999999996, "step": null, "ts": 1665146756.550085}]}, "version": 34}
{"obj": {"type": "LogFloats", "path": ["train", "loss"], "values": [{"value": 2.4000000000000004, "step": null, "ts": 1665146756.5503411}]}, "version": 35}
{"obj": {"type": "LogFloats", "path": ["train", "accuracy"], "values": [{"value": 4.2, "step": null, "ts": 1665146756.550632}]}, "version": 36}
{"obj": {"type": "LogFloats", "path": ["train", "loss"], "values": [{"value": 2.8000000000000003, "step": null, "ts": 1665146756.550903}]}, "version": 37}
{"obj": {"type": "LogFloats", "path": ["train", "accuracy"], "values": [{"value": 4.8, "step": null, "ts": 1665146756.5511801}]}, "version": 38}
{"obj": {"type": "LogFloats", "path": ["train", "loss"], "values": [{"value": 3.2, "step": null, "ts": 1665146756.55146}]}, "version": 39}
{"obj": {"type": "LogFloats", "path": ["train", "accuracy"], "values": [{"value": 5.3999999999999995, "step": null, "ts": 1665146756.5517418}]}, "version": 40}
{"obj": {"type": "LogFloats", "path": ["train", "loss"], "values": [{"value": 3.6, "step": null, "ts": 1665146756.5520089}]}, "version": 41}
{"obj": {"type": "LogFloats", "path": ["train", "accuracy"], "values": [{"value": 6.0, "step": null, "ts": 1665146756.552277}]}, "version": 42}
{"obj": {"type": "LogFloats", "path": ["train", "loss"], "values": [{"value": 4.0, "step": null, "ts": 1665146756.552546}]}, "version": 43}
{"obj": {"type": "LogFloats", "path": ["train", "accuracy"], "values": [{"value": 6.6, "step": null, "ts": 1665146756.55282}]}, "version": 44}
{"obj": {"type": "LogFloats", "path": ["train", "loss"], "values": [{"value": 4.4, "step": null, "ts": 1665146756.553084}]}, "version": 45}
{"obj": {"type": "LogFloats", "path": ["train", "accuracy"], "values": [{"value": 7.199999999999999, "step": null, "ts": 1665146756.55336}]}, "version": 46}
{"obj": {"type": "LogFloats", "path": ["train", "loss"], "values": [{"value": 4.800000000000001, "step": null, "ts": 1665146756.55367}]}, "version": 47}
{"obj": {"type": "LogFloats", "path": ["train", "accuracy"], "values": [{"value": 7.8, "step": null, "ts": 1665146756.553938}]}, "version": 48}
{"obj": {"type": "LogFloats", "path": ["train", "loss"], "values": [{"value": 5.2, "step": null, "ts": 1665146756.554202}]}, "version": 49}
{"obj": {"type": "LogFloats", "path": ["train", "accuracy"], "values": [{"value": 8.4, "step": null, "ts": 1665146756.554456}]}, "version": 50}
{"obj": {"type": "LogFloats", "path": ["train", "loss"], "values": [{"value": 5.6000000000000005, "step": null, "ts": 1665146756.554721}]}, "version": 51}
{"obj": {"type": "LogFloats", "path": ["train", "accuracy"], "values": [{"value": 9.0, "step": null, "ts": 1665146756.554993}]}, "version": 52}
{"obj": {"type": "LogFloats", "path": ["train", "loss"], "values": [{"value": 6.0, "step": null, "ts": 1665146756.555263}]}, "version": 53}
{"obj": {"type": "LogFloats", "path": ["train", "accuracy"], "values": [{"value": 9.6, "step": null, "ts": 1665146756.5555258}]}, "version": 54}
{"obj": {"type": "LogFloats", "path": ["train", "loss"], "values": [{"value": 6.4, "step": null, "ts": 1665146756.5557828}]}, "version": 55}
{"obj": {"type": "LogFloats", "path": ["train", "accuracy"], "values": [{"value": 10.2, "step": null, "ts": 1665146756.556032}]}, "version": 56}
{"obj": {"type": "LogFloats", "path": ["train", "loss"], "values": [{"value": 6.800000000000001, "step": null, "ts": 1665146756.5562408}]}, "version": 57}
{"obj": {"type": "LogFloats", "path": ["train", "accuracy"], "values": [{"value": 10.799999999999999, "step": null, "ts": 1665146756.5564559}]}, "version": 58}
{"obj": {"type": "LogFloats", "path": ["train", "loss"], "values": [{"value": 7.2, "step": null, "ts": 1665146756.556664}]}, "version": 59}
{"obj": {"type": "LogFloats", "path": ["train", "accuracy"], "values": [{"value": 11.4, "step": null, "ts": 1665146756.556896}]}, "version": 60}
{"obj": {"type": "LogFloats", "path": ["train", "loss"], "values": [{"value": 7.6000000000000005, "step": null, "ts": 1665146756.5571132}]}, "version": 61}
{"obj": {"type": "LogFloats", "path": ["train", "accuracy"], "values": [{"value": 12.0, "step": null, "ts": 1665146756.557348}]}, "version": 62}
{"obj": {"type": "LogFloats", "path": ["train", "loss"], "values": [{"value": 8.0, "step": null, "ts": 1665146756.557575}]}, "version": 63}
{"obj": {"type": "LogFloats", "path": ["train", "accuracy"], "values": [{"value": 12.6, "step": null, "ts": 1665146756.55779}]}, "version": 64}
{"obj": {"type": "LogFloats", "path": ["train", "loss"], "values": [{"value": 8.4, "step": null, "ts": 1665146756.558012}]}, "version": 65}
{"obj": {"type": "LogFloats", "path": ["train", "accuracy"], "values": [{"value": 13.2, "step": null, "ts": 1665146756.558229}]}, "version": 66}
{"obj": {"type": "LogFloats", "path": ["train", "loss"], "values": [{"value": 8.8, "step": null, "ts": 1665146756.55849}]}, "version": 67}
{"obj": {"type": "LogFloats", "path": ["train", "accuracy"], "values": [{"value": 13.799999999999999, "step": null, "ts": 1665146756.5586848}]}, "version": 68}
{"obj": {"type": "LogFloats", "path": ["train", "loss"], "values": [{"value": 9.200000000000001, "step": null, "ts": 1665146756.558914}]}, "version": 69}
{"obj": {"type": "LogFloats", "path": ["train", "accuracy"], "values": [{"value": 14.399999999999999, "step": null, "ts": 1665146756.5591319}]}, "version": 70}
{"obj": {"type": "LogFloats", "path": ["train", "loss"], "values": [{"value": 9.600000000000001, "step": null, "ts": 1665146756.559357}]}, "version": 71}
{"obj": {"type": "LogFloats", "path": ["train", "accuracy"], "values": [{"value": 15.0, "step": null, "ts": 1665146756.559572}]}, "version": 72}
{"obj": {"type": "LogFloats", "path": ["train", "loss"], "values": [{"value": 10.0, "step": null, "ts": 1665146756.5597818}]}, "version": 73}
{"obj": {"type": "LogFloats", "path": ["train", "accuracy"], "values": [{"value": 15.6, "step": null, "ts": 1665146756.560003}]}, "version": 74}
{"obj": {"type": "LogFloats", "path": ["train", "loss"], "values": [{"value": 10.4, "step": null, "ts": 1665146756.560214}]}, "version": 75}
{"obj": {"type": "LogFloats", "path": ["train", "accuracy"], "values": [{"value": 16.2, "step": null, "ts": 1665146756.560417}]}, "version": 76}
{"obj": {"type": "LogFloats", "path": ["train", "loss"], "values": [{"value": 10.8, "step": null, "ts": 1665146756.560622}]}, "version": 77}
{"obj": {"type": "LogFloats", "path": ["train", "accuracy"], "values": [{"value": 16.8, "step": null, "ts": 1665146756.5608351}]}, "version": 78}
{"obj": {"type": "LogFloats", "path": ["train", "loss"], "values": [{"value": 11.200000000000001, "step": null, "ts": 1665146756.5610392}]}, "version": 79}
{"obj": {"type": "LogFloats", "path": ["train", "accuracy"], "values": [{"value": 17.4, "step": null, "ts": 1665146756.5612469}]}, "version": 80}
{"obj": {"type": "LogFloats", "path": ["train", "loss"], "values": [{"value": 11.600000000000001, "step": null, "ts": 1665146756.561454}]}, "version": 81}
{"obj": {"type": "LogFloats", "path": ["train", "accuracy"], "values": [{"value": 18.0, "step": null, "ts": 1665146756.5616589}]}, "version": 82}
{"obj": {"type": "LogFloats", "path": ["train", "loss"], "values": [{"value": 12.0, "step": null, "ts": 1665146756.561861}]}, "version": 83}
{"obj": {"type": "LogFloats", "path": ["train", "accuracy"], "values": [{"value": 18.599999999999998, "step": null, "ts": 1665146756.562172}]}, "version": 84}
{"obj": {"type": "LogFloats", "path": ["train", "loss"], "values": [{"value": 12.4, "step": null, "ts": 1665146756.56236}]}, "version": 85}
{"obj": {"type": "LogFloats", "path": ["train", "accuracy"], "values": [{"value": 19.2, "step": null, "ts": 1665146756.562569}]}, "version": 86}
{"obj": {"type": "LogFloats", "path": ["train", "loss"], "values": [{"value": 12.8, "step": null, "ts": 1665146756.5627708}]}, "version": 87}
{"obj": {"type": "LogFloats", "path": ["train", "accuracy"], "values": [{"value": 19.8, "step": null, "ts": 1665146756.563036}]}, "version": 88}
{"obj": {"type": "LogFloats", "path": ["train", "loss"], "values": [{"value": 13.200000000000001, "step": null, "ts": 1665146756.563197}]}, "version": 89}
{"obj": {"type": "LogFloats", "path": ["train", "accuracy"], "values": [{"value": 20.4, "step": null, "ts": 1665146756.563356}]}, "version": 90}
{"obj": {"type": "LogFloats", "path": ["train", "loss"], "values": [{"value": 13.600000000000001, "step": null, "ts": 1665146756.5635278}]}, "version": 91}
{"obj": {"type": "LogFloats", "path": ["train", "accuracy"], "values": [{"value": 21.0, "step": null, "ts": 1665146756.563715}]}, "version": 92}
{"obj": {"type": "LogFloats", "path": ["train", "loss"], "values": [{"value": 14.0, "step": null, "ts": 1665146756.563924}]}, "version": 93}
{"obj": {"type": "LogFloats", "path": ["train", "accuracy"], "values": [{"value": 21.599999999999998, "step": null, "ts": 1665146756.5641012}]}, "version": 94}
{"obj": {"type": "LogFloats", "path": ["train", "loss"], "values": [{"value": 14.4, "step": null, "ts": 1665146756.5642738}]}, "version": 95}
{"obj": {"type": "LogFloats", "path": ["train", "accuracy"], "values": [{"value": 22.2, "step": null, "ts": 1665146756.5644438}]}, "version": 96}
{"obj": {"type": "LogFloats", "path": ["train", "loss"], "values": [{"value": 14.8, "step": null, "ts": 1665146756.5646238}]}, "version": 97}
{"obj": {"type": "LogFloats", "path": ["train", "accuracy"], "values": [{"value": 22.8, "step": null, "ts": 1665146756.5648158}]}, "version": 98}
{"obj": {"type": "LogFloats", "path": ["train", "loss"], "values": [{"value": 15.200000000000001, "step": null, "ts": 1665146756.564995}]}, "version": 99}
{"obj": {"type": "LogFloats", "path": ["train", "accuracy"], "values": [{"value": 23.4, "step": null, "ts": 1665146756.565164}]}, "version": 100}
{"obj": {"type": "LogFloats", "path": ["train", "loss"], "values": [{"value": 15.600000000000001, "step": null, "ts": 1665146756.5653481}]}, "version": 101}
{"obj": {"type": "LogFloats", "path": ["train", "accuracy"], "values": [{"value": 24.0, "step": null, "ts": 1665146756.565519}]}, "version": 102}
{"obj": {"type": "LogFloats", "path": ["train", "loss"], "values": [{"value": 16.0, "step": null, "ts": 1665146756.5656881}]}, "version": 103}
{"obj": {"type": "LogFloats", "path": ["train", "accuracy"], "values": [{"value": 24.599999999999998, "step": null, "ts": 1665146756.565865}]}, "version": 104}
{"obj": {"type": "LogFloats", "path": ["train", "loss"], "values": [{"value": 16.400000000000002, "step": null, "ts": 1665146756.566029}]}, "version": 105}
{"obj": {"type": "LogFloats", "path": ["train", "accuracy"], "values": [{"value": 25.2, "step": null, "ts": 1665146756.5661938}]}, "version": 106}
{"obj": {"type": "LogFloats", "path": ["train", "loss"], "values": [{"value": 16.8, "step": null, "ts": 1665146756.5663629}]}, "version": 107}
{"obj": {"type": "LogFloats", "path": ["train", "accuracy"], "values": [{"value": 25.8, "step": null, "ts": 1665146756.5665212}]}, "version": 108}
{"obj": {"type": "LogFloats", "path": ["train", "loss"], "values": [{"value": 17.2, "step": null, "ts": 1665146756.5666828}]}, "version": 109}
{"obj": {"type": "LogFloats", "path": ["train", "accuracy"], "values": [{"value": 26.4, "step": null, "ts": 1665146756.566842}]}, "version": 110}
{"obj": {"type": "LogFloats", "path": ["train", "loss"], "values": [{"value": 17.6, "step": null, "ts": 1665146756.566999}]}, "version": 111}
{"obj": {"type": "LogFloats", "path": ["train", "accuracy"], "values": [{"value": 27.0, "step": null, "ts": 1665146756.567161}]}, "version": 112}
{"obj": {"type": "LogFloats", "path": ["train", "loss"], "values": [{"value": 18.0, "step": null, "ts": 1665146756.567321}]}, "version": 113}
{"obj": {"type": "LogFloats", "path": ["train", "accuracy"], "values": [{"value": 27.599999999999998, "step": null, "ts": 1665146756.567478}]}, "version": 114}
{"obj": {"type": "LogFloats", "path": ["train", "loss"], "values": [{"value": 18.400000000000002, "step": null, "ts": 1665146756.567643}]}, "version": 115}
{"obj": {"type": "LogFloats", "path": ["train", "accuracy"], "values": [{"value": 28.2, "step": null, "ts": 1665146756.56781}]}, "version": 116}
{"obj": {"type": "LogFloats", "path": ["train", "loss"], "values": [{"value": 18.8, "step": null, "ts": 1665146756.567958}]}, "version": 117}
{"obj": {"type": "LogFloats", "path": ["train", "accuracy"], "values": [{"value": 28.799999999999997, "step": null, "ts": 1665146756.5681229}]}, "version": 118}
{"obj": {"type": "LogFloats", "path": ["train", "loss"], "values": [{"value": 19.200000000000003, "step": null, "ts": 1665146756.56827}]}, "version": 119}
{"obj": {"type": "LogFloats", "path": ["train", "accuracy"], "values": [{"value": 29.4, "step": null, "ts": 1665146756.568426}]}, "version": 120}
{"obj": {"type": "LogFloats", "path": ["train", "loss"], "values": [{"value": 19.6, "step": null, "ts": 1665146756.568576}]}, "version": 121}
{"obj": {"type": "LogFloats", "path": ["train", "accuracy"], "values": [{"value": 30.0, "step": null, "ts": 1665146756.568754}]}, "version": 122}
{"obj": {"type": "LogFloats", "path": ["train", "loss"], "values": [{"value": 20.0, "step": null, "ts": 1665146756.568927}]}, "version": 123}
{"obj": {"type": "LogFloats", "path": ["train", "accuracy"], "values": [{"value": 30.599999999999998, "step": null, "ts": 1665146756.569087}]}, "version": 124}
{"obj": {"type": "LogFloats", "path": ["train", "loss"], "values": [{"value": 20.400000000000002, "step": null, "ts": 1665146756.569249}]}, "version": 125}
{"obj": {"type": "LogFloats", "path": ["train", "accuracy"], "values": [{"value": 31.2, "step": null, "ts": 1665146756.569424}]}, "version": 126}
{"obj": {"type": "LogFloats", "path": ["train", "loss"], "values": [{"value": 20.8, "step": null, "ts": 1665146756.569586}]}, "version": 127}
{"obj": {"type": "LogFloats", "path": ["train", "accuracy"], "values": [{"value": 31.799999999999997, "step": null, "ts": 1665146756.569758}]}, "version": 128}
{"obj": {"type": "LogFloats", "path": ["train", "loss"], "values": [{"value": 21.200000000000003, "step": null, "ts": 1665146756.5699031}]}, "version": 129}
{"obj": {"type": "LogFloats", "path": ["train", "accuracy"], "values": [{"value": 32.4, "step": null, "ts": 1665146756.570048}]}, "version": 130}
{"obj": {"type": "LogFloats", "path": ["train", "loss"], "values": [{"value": 21.6, "step": null, "ts": 1665146756.5701928}]}, "version": 131}
{"obj": {"type": "LogFloats", "path": ["train", "accuracy"], "values": [{"value": 33.0, "step": null, "ts": 1665146756.570337}]}, "version": 132}
{"obj": {"type": "LogFloats", "path": ["train", "loss"], "values": [{"value": 22.0, "step": null, "ts": 1665146756.570482}]}, "version": 133}
{"obj": {"type": "LogFloats", "path": ["train", "accuracy"], "values": [{"value": 33.6, "step": null, "ts": 1665146756.570624}]}, "version": 134}
{"obj": {"type": "LogFloats", "path": ["train", "loss"], "values": [{"value": 22.400000000000002, "step": null, "ts": 1665146756.5707688}]}, "version": 135}
{"obj": {"type": "LogFloats", "path": ["train", "accuracy"], "values": [{"value": 34.199999999999996, "step": null, "ts": 1665146756.570912}]}, "version": 136}
{"obj": {"type": "LogFloats", "path": ["train", "loss"], "values": [{"value": 22.8, "step": null, "ts": 1665146756.571059}]}, "version": 137}
{"obj": {"type": "LogFloats", "path": ["train", "accuracy"], "values": [{"value": 34.8, "step": null, "ts": 1665146756.57121}]}, "version": 138}
{"obj": {"type": "LogFloats", "path": ["train", "loss"], "values": [{"value": 23.200000000000003, "step": null, "ts": 1665146756.5713542}]}, "version": 139}
{"obj": {"type": "LogFloats", "path": ["train", "accuracy"], "values": [{"value": 35.4, "step": null, "ts": 1665146756.571502}]}, "version": 140}
{"obj": {"type": "LogFloats", "path": ["train", "loss"], "values": [{"value": 23.6, "step": null, "ts": 1665146756.571646}]}, "version": 141}
{"obj": {"type": "LogFloats", "path": ["train", "accuracy"], "values": [{"value": 36.0, "step": null, "ts": 1665146756.571872}]}, "version": 142}
{"obj": {"type": "LogFloats", "path": ["train", "loss"], "values": [{"value": 24.0, "step": null, "ts": 1665146756.572045}]}, "version": 143}
{"obj": {"type": "LogFloats", "path": ["train", "accuracy"], "values": [{"value": 36.6, "step": null, "ts": 1665146756.572192}]}, "version": 144}
{"obj": {"type": "LogFloats", "path": ["train", "loss"], "values": [{"value": 24.400000000000002, "step": null, "ts": 1665146756.572311}]}, "version": 145}
{"obj": {"type": "LogFloats", "path": ["train", "accuracy"], "values": [{"value": 37.199999999999996, "step": null, "ts": 1665146756.572418}]}, "version": 146}
{"obj": {"type": "LogFloats", "path": ["train", "loss"], "values": [{"value": 24.8, "step": null, "ts": 1665146756.57252}]}, "version": 147}
{"obj": {"type": "LogFloats", "path": ["train", "accuracy"], "values": [{"value": 37.8, "step": null, "ts": 1665146756.572621}]}, "version": 148}
{"obj": {"type": "LogFloats", "path": ["train", "loss"], "values": [{"value": 25.200000000000003, "step": null, "ts": 1665146756.572727}]}, "version": 149}
{"obj": {"type": "LogFloats", "path": ["train", "accuracy"], "values": [{"value": 38.4, "step": null, "ts": 1665146756.572842}]}, "version": 150}
{"obj": {"type": "LogFloats", "path": ["train", "loss"], "values": [{"value": 25.6, "step": null, "ts": 1665146756.572973}]}, "version": 151}
{"obj": {"type": "LogFloats", "path": ["train", "accuracy"], "values": [{"value": 39.0, "step": null, "ts": 1665146756.5731132}]}, "version": 152}
{"obj": {"type": "LogFloats", "path": ["train", "loss"], "values": [{"value": 26.0, "step": null, "ts": 1665146756.5732381}]}, "version": 153}
{"obj": {"type": "LogFloats", "path": ["train", "accuracy"], "values": [{"value": 39.6, "step": null, "ts": 1665146756.573348}]}, "version": 154}
{"obj": {"type": "LogFloats", "path": ["train", "loss"], "values": [{"value": 26.400000000000002, "step": null, "ts": 1665146756.573465}]}, "version": 155}
{"obj": {"type": "LogFloats", "path": ["train", "accuracy"], "values": [{"value": 40.199999999999996, "step": null, "ts": 1665146756.573568}]}, "version": 156}
{"obj": {"type": "LogFloats", "path": ["train", "loss"], "values": [{"value": 26.8, "step": null, "ts": 1665146756.573689}]}, "version": 157}
{"obj": {"type": "LogFloats", "path": ["train", "accuracy"], "values": [{"value": 40.8, "step": null, "ts": 1665146756.5737998}]}, "version": 158}
{"obj": {"type": "LogFloats", "path": ["train", "loss"], "values": [{"value": 27.200000000000003, "step": null, "ts": 1665146756.5739038}]}, "version": 159}
{"obj": {"type": "LogFloats", "path": ["train", "accuracy"], "values": [{"value": 41.4, "step": null, "ts": 1665146756.574028}]}, "version": 160}
{"obj": {"type": "LogFloats", "path": ["train", "loss"], "values": [{"value": 27.6, "step": null, "ts": 1665146756.5741298}]}, "version": 161}
{"obj": {"type": "LogFloats", "path": ["train", "accuracy"], "values": [{"value": 42.0, "step": null, "ts": 1665146756.574236}]}, "version": 162}
{"obj": {"type": "LogFloats", "path": ["train", "loss"], "values": [{"value": 28.0, "step": null, "ts": 1665146756.57435}]}, "version": 163}
{"obj": {"type": "LogFloats", "path": ["train", "accuracy"], "values": [{"value": 42.6, "step": null, "ts": 1665146756.574454}]}, "version": 164}
{"obj": {"type": "LogFloats", "path": ["train", "loss"], "values": [{"value": 28.400000000000002, "step": null, "ts": 1665146756.574562}]}, "version": 165}
{"obj": {"type": "LogFloats", "path": ["train", "accuracy"], "values": [{"value": 43.199999999999996, "step": null, "ts": 1665146756.574668}]}, "version": 166}
{"obj": {"type": "LogFloats", "path": ["train", "loss"], "values": [{"value": 28.8, "step": null, "ts": 1665146756.574778}]}, "version": 167}
{"obj": {"type": "LogFloats", "path": ["train", "accuracy"], "values": [{"value": 43.8, "step": null, "ts": 1665146756.574893}]}, "version": 168}
{"obj": {"type": "LogFloats", "path": ["train", "loss"], "values": [{"value": 29.200000000000003, "step": null, "ts": 1665146756.5750039}]}, "version": 169}
{"obj": {"type": "LogFloats", "path": ["train", "accuracy"], "values": [{"value": 44.4, "step": null, "ts": 1665146756.575107}]}, "version": 170}
{"obj": {"type": "LogFloats", "path": ["train", "loss"], "values": [{"value": 29.6, "step": null, "ts": 1665146756.575211}]}, "version": 171}
{"obj": {"type": "LogFloats", "path": ["train", "accuracy"], "values": [{"value": 45.0, "step": null, "ts": 1665146756.575329}]}, "version": 172}
{"obj": {"type": "LogFloats", "path": ["train", "loss"], "values": [{"value": 30.0, "step": null, "ts": 1665146756.5754418}]}, "version": 173}
{"obj": {"type": "LogFloats", "path": ["train", "accuracy"], "values": [{"value": 45.6, "step": null, "ts": 1665146756.575569}]}, "version": 174}
{"obj": {"type": "LogFloats", "path": ["train", "loss"], "values": [{"value": 30.400000000000002, "step": null, "ts": 1665146756.575665}]}, "version": 175}
{"obj": {"type": "LogFloats", "path": ["train", "accuracy"], "values": [{"value": 46.199999999999996, "step": null, "ts": 1665146756.575756}]}, "version": 176}
{"obj": {"type": "LogFloats", "path": ["train", "loss"], "values": [{"value": 30.8, "step": null, "ts": 1665146756.5758789}]}, "version": 177}
{"obj": {"type": "LogFloats", "path": ["train", "accuracy"], "values": [{"value": 46.8, "step": null, "ts": 1665146756.575979}]}, "version": 178}
{"obj": {"type": "LogFloats", "path": ["train", "loss"], "values": [{"value": 31.200000000000003, "step": null, "ts": 1665146756.576087}]}, "version": 179}
{"obj": {"type": "LogFloats", "path": ["train", "accuracy"], "values": [{"value": 47.4, "step": null, "ts": 1665146756.576179}]}, "version": 180}
{"obj": {"type": "LogFloats", "path": ["train", "loss"], "values": [{"value": 31.6, "step": null, "ts": 1665146756.5762749}]}, "version": 181}
{"obj": {"type": "LogFloats", "path": ["train", "accuracy"], "values": [{"value": 48.0, "step": null, "ts": 1665146756.5763671}]}, "version": 182}
{"obj": {"type": "LogFloats", "path": ["train", "loss"], "values": [{"value": 32.0, "step": null, "ts": 1665146756.576459}]}, "version": 183}
{"obj": {"type": "LogFloats", "path": ["train", "accuracy"], "values": [{"value": 48.6, "step": null, "ts": 1665146756.576552}]}, "version": 184}
{"obj": {"type": "LogFloats", "path": ["train", "loss"], "values": [{"value": 32.4, "step": null, "ts": 1665146756.576652}]}, "version": 185}
{"obj": {"type": "LogFloats", "path": ["train", "accuracy"], "values": [{"value": 49.199999999999996, "step": null, "ts": 1665146756.576743}]}, "version": 186}
{"obj": {"type": "LogFloats", "path": ["train", "loss"], "values": [{"value": 32.800000000000004, "step": null, "ts": 1665146756.576843}]}, "version": 187}
{"obj": {"type": "LogFloats", "path": ["train", "accuracy"], "values": [{"value": 49.8, "step": null, "ts": 1665146756.5769339}]}, "version": 188}
{"obj": {"type": "LogFloats", "path": ["train", "loss"], "values": [{"value": 33.2, "step": null, "ts": 1665146756.577034}]}, "version": 189}
{"obj": {"type": "LogFloats", "path": ["train", "accuracy"], "values": [{"value": 50.4, "step": null, "ts": 1665146756.577145}]}, "version": 190}
{"obj": {"type": "LogFloats", "path": ["train", "loss"], "values": [{"value": 33.6, "step": null, "ts": 1665146756.57724}]}, "version": 191}
{"obj": {"type": "LogFloats", "path": ["train", "accuracy"], "values": [{"value": 51.0, "step": null, "ts": 1665146756.5773451}]}, "version": 192}
{"obj": {"type": "LogFloats", "path": ["train", "loss"], "values": [{"value": 34.0, "step": null, "ts": 1665146756.577437}]}, "version": 193}
{"obj": {"type": "LogFloats", "path": ["train", "accuracy"], "values": [{"value": 51.6, "step": null, "ts": 1665146756.5775292}]}, "version": 194}
{"obj": {"type": "LogFloats", "path": ["train", "loss"], "values": [{"value": 34.4, "step": null, "ts": 1665146756.5776262}]}, "version": 195}
{"obj": {"type": "LogFloats", "path": ["train", "accuracy"], "values": [{"value": 52.199999999999996, "step": null, "ts": 1665146756.577719}]}, "version": 196}
{"obj": {"type": "LogFloats", "path": ["train", "loss"], "values": [{"value": 34.800000000000004, "step": null, "ts": 1665146756.577823}]}, "version": 197}
{"obj": {"type": "LogFloats", "path": ["train", "accuracy"], "values": [{"value": 52.8, "step": null, "ts": 1665146756.577918}]}, "version": 198}
{"obj": {"type": "LogFloats", "path": ["train", "loss"], "values": [{"value": 35.2, "step": null, "ts": 1665146756.578017}]}, "version": 199}
{"obj": {"type": "LogFloats", "path": ["train", "accuracy"], "values": [{"value": 53.4, "step": null, "ts": 1665146756.5781078}]}, "version": 200}
{"obj": {"type": "LogFloats", "path": ["train", "loss"], "values": [{"value": 35.6, "step": null, "ts": 1665146756.578206}]}, "version": 201}
{"obj": {"type": "LogFloats", "path": ["train", "accuracy"], "values": [{"value": 54.0, "step": null, "ts": 1665146756.578318}]}, "version": 202}
{"obj": {"type": "LogFloats", "path": ["train", "loss"], "values": [{"value": 36.0, "step": null, "ts": 1665146756.578413}]}, "version": 203}
{"obj": {"type": "LogFloats", "path": ["train", "accuracy"], "values": [{"value": 54.6, "step": null, "ts": 1665146756.578511}]}, "version": 204}
{"obj": {"type": "LogFloats", "path": ["train", "loss"], "values": [{"value": 36.4, "step": null, "ts": 1665146756.578611}]}, "version": 205}
{"obj": {"type": "LogFloats", "path": ["train", "accuracy"], "values": [{"value": 55.199999999999996, "step": null, "ts": 1665146756.578709}]}, "version": 206}
{"obj": {"type": "LogFloats", "path": ["train", "loss"], "values": [{"value": 36.800000000000004, "step": null, "ts": 1665146756.578801}]}, "version": 207}
{"obj": {"type": "LogFloats", "path": ["train", "accuracy"], "values": [{"value": 55.8, "step": null, "ts": 1665146756.578892}]}, "version": 208}
{"obj": {"type": "LogFloats", "path": ["train", "loss"], "values": [{"value": 37.2, "step": null, "ts": 1665146756.578984}]}, "version": 209}
{"obj": {"type": "LogFloats", "path": ["train", "accuracy"], "values": [{"value": 56.4, "step": null, "ts": 1665146756.579075}]}, "version": 210}
{"obj": {"type": "LogFloats", "path": ["train", "loss"], "values": [{"value": 37.6, "step": null, "ts": 1665146756.579175}]}, "version": 211}
{"obj": {"type": "LogFloats", "path": ["train", "accuracy"], "values": [{"value": 57.0, "step": null, "ts": 1665146756.579267}]}, "version": 212}
{"obj": {"type": "LogFloats", "path": ["train", "loss"], "values": [{"value": 38.0, "step": null, "ts": 1665146756.579365}]}, "version": 213}
{"obj": {"type": "LogFloats", "path": ["train", "accuracy"], "values": [{"value": 57.599999999999994, "step": null, "ts": 1665146756.579456}]}, "version": 214}
{"obj": {"type": "LogFloats", "path": ["train", "loss"], "values": [{"value": 38.400000000000006, "step": null, "ts": 1665146756.57955}]}, "version": 215}
{"obj": {"type": "LogFloats", "path": ["train", "accuracy"], "values": [{"value": 58.199999999999996, "step": null, "ts": 1665146756.5796459}]}, "version": 216}
{"obj": {"type": "LogFloats", "path": ["train", "loss"], "values": [{"value": 38.800000000000004, "step": null, "ts": 1665146756.5797389}]}, "version": 217}
{"obj": {"type": "LogFloats", "path": ["train", "accuracy"], "values": [{"value": 58.8, "step": null, "ts": 1665146756.57983}]}, "version": 218}
{"obj": {"type": "LogFloats", "path": ["train", "loss"], "values": [{"value": 39.2, "step": null, "ts": 1665146756.579936}]}, "version": 219}
{"obj": {"type": "LogFloats", "path": ["train", "accuracy"], "values": [{"value": 59.4, "step": null, "ts": 1665146756.580034}]}, "version": 220}
{"obj": {"type": "LogFloats", "path": ["train", "loss"], "values": [{"value": 39.6, "step": null, "ts": 1665146756.58013}]}, "version": 221}
{"obj": {"type": "AssignFloat", "path": ["f1_score"], "value": 0.66}, "version": 222}
{"obj": {"type": "LogStrings", "path": ["monitoring", "stdout"], "values": [{"value": "Shutting down background jobs, please wait a moment...\n", "step": null, "ts": 1665146756.580392}]}, "version": 223}
