{"obj": {"type": "AssignString", "path": ["sys", "name"], "value": "Untitled"}, "version": 1}
{"obj": {"type": "AssignString", "path": ["sys", "description"], "value": ""}, "version": 2}
{"obj": {"type": "AssignString", "path": ["sys", "hostname"], "value": "WHS2615"}, "version": 3}
{"obj": {"type": "AssignBool", "path": ["sys", "failed"], "value": false}, "version": 4}
{"obj": {"type": "ClearStringLog", "path": ["monitoring", "stdout"]}, "version": 5}
{"obj": {"type": "ClearStringLog", "path": ["monitoring", "stderr"]}, "version": 6}
{"obj": {"type": "AssignString", "path": ["source_code", "entrypoint"], "value": "DatasetAnalysis.py"}, "version": 7}
{"obj": {"type": "UploadFileSet", "path": ["source_code", "files"], "file_globs": ["/Users/eli_sodickson/PycharmProjects/MachineLearning/DatasetAnalysis.py"], "reset": "False"}, "version": 8}
{"obj": {"type": "LogStrings", "path": ["monitoring", "stderr"], "values": [{"value": "Info (NVML): NVML Shared Library Not Found. GPU usage metrics may not be reported. For more information, see https://docs.neptune.ai/you-should-know/what-can-you-log-and-display#hardware-consumption\n", "step": null, "ts": 1665148658.764983}]}, "version": 9}
{"obj": {"type": "ConfigFloatSeries", "path": ["monitoring", "cpu"], "min": 0.0, "max": 100.0, "unit": "%"}, "version": 10}
{"obj": {"type": "ClearFloatLog", "path": ["monitoring", "cpu"]}, "version": 11}
{"obj": {"type": "ConfigFloatSeries", "path": ["monitoring", "memory"], "min": 0.0, "max": 8.0, "unit": "GB"}, "version": 12}
{"obj": {"type": "ClearFloatLog", "path": ["monitoring", "memory"]}, "version": 13}
{"obj": {"type": "LogFloats", "path": ["monitoring", "cpu"], "values": [{"value": 14.0, "step": null, "ts": 1665148658.7692502}]}, "version": 14}
{"obj": {"type": "LogFloats", "path": ["monitoring", "memory"], "values": [{"value": 6.75238037109375, "step": null, "ts": 1665148658.7692502}]}, "version": 15}
{"obj": {"type": "LogStrings", "path": ["monitoring", "stderr"], "values": [{"value": "/Users/eli_sodickson/PycharmProjects/MachineLearning/venv/lib/python3.8/site-packages/numpy/core/fromnumeric.py:3432: RuntimeWarning: Mean of empty slice.\n  return _methods._mean(a, axis=axis, dtype=dtype,\n", "step": null, "ts": 1665148658.79154}]}, "version": 16}
{"obj": {"type": "LogStrings", "path": ["monitoring", "stderr"], "values": [{"value": "/Users/eli_sodickson/PycharmProjects/MachineLearning/venv/lib/python3.8/site-packages/numpy/core/_methods.py:190: RuntimeWarning: invalid value encountered in double_scalars\n  ret = ret.dtype.type(ret / rcount)\n", "step": null, "ts": 1665148658.8006139}]}, "version": 17}
{"obj": {"type": "LogFloats", "path": ["RMSE"], "values": [{"value": NaN, "step": null, "ts": 1665148658.801301}]}, "version": 18}
{"obj": {"type": "LogFloats", "path": ["MAPE (%)"], "values": [{"value": NaN, "step": null, "ts": 1665148658.8015869}]}, "version": 19}
{"obj": {"type": "LogStrings", "path": ["monitoring", "stdout"], "values": [{"value": "Shutting down background jobs, please wait a moment...\n", "step": null, "ts": 1665148658.801989}]}, "version": 20}
